{"/Users/lvbin/study-workspace/video_helper/lib/util/time.js": {"path":"/Users/lvbin/study-workspace/video_helper/lib/util/time.js","statementMap":{"0":{"start":{"line":6,"column":22},"end":{"line":10,"column":1}},"1":{"start":{"line":7,"column":4},"end":{"line":9,"column":6}},"2":{"start":{"line":17,"column":21},"end":{"line":24,"column":1}},"3":{"start":{"line":18,"column":16},"end":{"line":18,"column":41}},"4":{"start":{"line":19,"column":23},"end":{"line":19,"column":78}},"5":{"start":{"line":20,"column":4},"end":{"line":23,"column":6}},"6":{"start":{"line":29,"column":25},"end":{"line":34,"column":1}},"7":{"start":{"line":30,"column":4},"end":{"line":33,"column":71}},"8":{"start":{"line":33,"column":36},"end":{"line":33,"column":66}},"9":{"start":{"line":39,"column":21},"end":{"line":41,"column":1}},"10":{"start":{"line":40,"column":4},"end":{"line":40,"column":42}},"11":{"start":{"line":42,"column":0},"end":{"line":47,"column":2}}},"fnMap":{"0":{"name":"(anonymous_0)","decl":{"start":{"line":6,"column":22},"end":{"line":6,"column":23}},"loc":{"start":{"line":6,"column":47},"end":{"line":10,"column":1}},"line":6},"1":{"name":"(anonymous_1)","decl":{"start":{"line":17,"column":21},"end":{"line":17,"column":22}},"loc":{"start":{"line":17,"column":52},"end":{"line":24,"column":1}},"line":17},"2":{"name":"(anonymous_2)","decl":{"start":{"line":29,"column":25},"end":{"line":29,"column":26}},"loc":{"start":{"line":29,"column":39},"end":{"line":34,"column":1}},"line":29},"3":{"name":"(anonymous_3)","decl":{"start":{"line":33,"column":16},"end":{"line":33,"column":17}},"loc":{"start":{"line":33,"column":36},"end":{"line":33,"column":66}},"line":33},"4":{"name":"(anonymous_4)","decl":{"start":{"line":39,"column":21},"end":{"line":39,"column":22}},"loc":{"start":{"line":39,"column":36},"end":{"line":41,"column":1}},"line":39}},"branchMap":{"0":{"loc":{"start":{"line":19,"column":23},"end":{"line":19,"column":78}},"type":"cond-expr","locations":[{"start":{"line":19,"column":49},"end":{"line":19,"column":53}},{"start":{"line":19,"column":56},"end":{"line":19,"column":78}}],"line":19}},"s":{"0":1,"1":1,"2":1,"3":1,"4":1,"5":1,"6":1,"7":7,"8":21,"9":1,"10":2,"11":1},"f":{"0":1,"1":1,"2":7,"3":21,"4":2},"b":{"0":[0,1]},"_coverageSchema":"43e27e138ebf9cfc5966b082cf9a028302ed4184","hash":"26d945b78e6930b750051c7cf62a3299e7553fd9"}
}
